#
# An unexpected error has been detected by Java Runtime Environment:
#
# java.lang.OutOfMemoryError: requested 1456 bytes for CHeapObj-new. Out of swap space?
#
#  Internal Error (allocation.inline.hpp:42), pid=3840, tid=1192
#  Error: CHeapObj-new
#
# Java VM: Java HotSpot(TM) Client VM (11.3-b02 mixed mode, sharing windows-x86)
# If you would like to submit a bug report, please visit:
#   http://java.sun.com/webapps/bugreport/crash.jsp
#

---------------  T H R E A D  ---------------

Current thread is native thread

Stack: [0x00310000,0x00360000]
[error occurred during error reporting (printing stack bounds), id 0xc0000005]


---------------  P R O C E S S  ---------------

VM state:not at safepoint (not fully initialized)

VM Mutex/Monitor currently owned by a thread: None

Dynamic libraries:
0x00400000 - 0x00424000 	C:\Program Files\Genuitec\Common\binary\com.sun.java.jdk.win32.x86_1.6.0.013\bin\javaw.exe
0x77ad0000 - 0x77c0c000 	C:\Windows\SYSTEM32\ntdll.dll
0x75e40000 - 0x75f14000 	C:\Windows\system32\kernel32.dll
0x75ba0000 - 0x75beb000 	C:\Windows\system32\KERNELBASE.dll
0x77990000 - 0x77a30000 	C:\Windows\system32\ADVAPI32.dll
0x77740000 - 0x777ec000 	C:\Windows\system32\msvcrt.dll
0x772a0000 - 0x772b9000 	C:\Windows\SYSTEM32\sechost.dll
0x76da0000 - 0x76e42000 	C:\Windows\system32\RPCRT4.dll
0x77c30000 - 0x77cf9000 	C:\Windows\system32\USER32.dll
0x772c0000 - 0x7730e000 	C:\Windows\system32\GDI32.dll
0x75f20000 - 0x75f2a000 	C:\Windows\system32\LPK.dll
0x775e0000 - 0x7767d000 	C:\Windows\system32\USP10.dll
0x778c0000 - 0x778df000 	C:\Windows\system32\IMM32.DLL
0x777f0000 - 0x778bc000 	C:\Windows\system32\MSCTF.dll
0x7c340000 - 0x7c396000 	C:\Program Files\Genuitec\Common\binary\com.sun.java.jdk.win32.x86_1.6.0.013\jre\bin\msvcr71.dll
0x6d8b0000 - 0x6db06000 	C:\Program Files\Genuitec\Common\binary\com.sun.java.jdk.win32.x86_1.6.0.013\jre\bin\client\jvm.dll
0x71fa0000 - 0x71fd2000 	C:\Windows\system32\WINMM.dll
0x75a50000 - 0x75a9c000 	C:\Windows\system32\apphelp.dll
0x6d340000 - 0x6d348000 	C:\Program Files\Genuitec\Common\binary\com.sun.java.jdk.win32.x86_1.6.0.013\jre\bin\hpi.dll
0x77c20000 - 0x77c25000 	C:\Windows\system32\PSAPI.DLL

VM Arguments:
jvm_args: -Dfile.encoding=GBK -Xbootclasspath/a:C:\Program Files\Genuitec\Common\plugins\com.genuitec.eclipse.j2eedt.core_8.5.0.me201003231033\data\libraryset\EE_5\javaee.jar;C:\Program Files\Genuitec\Common\plugins\com.genuitec.eclipse.j2eedt.core_8.5.0.me201003231033\data\libraryset\EE_5\jsf-impl.jar;C:\Program Files\Genuitec\Common\plugins\com.genuitec.eclipse.j2eedt.core_8.5.0.me201003231033\data\libraryset\EE_5\jsf-api.jar;C:\Program Files\Genuitec\Common\plugins\com.genuitec.eclipse.j2eedt.core_8.5.0.me201003231033\data\libraryset\EE_5\jstl-1.2.jar 
java_command: test.Test
Launcher Type: SUN_STANDARD

Environment Variables:
PATH=C:/Program Files/Genuitec/Common/binary/com.sun.java.jdk.win32.x86_1.6.0.013/jre/bin/client;C:/Program Files/Genuitec/Common/binary/com.sun.java.jdk.win32.x86_1.6.0.013/jre/bin;C:\app\Administrator\product\11.2.0\dbhome_1\bin;C:\Windows\system32;C:\Windows;C:\Windows\System32\Wbem;C:\Windows\System32\WindowsPowerShell\v1.0\;C:\Program Files\Microsoft SQL Server\80\Tools\Binn\;C:\Program Files\Microsoft SQL Server\90\DTS\Binn\;C:\Program Files\Microsoft SQL Server\90\Tools\binn\;C:\Program Files\Microsoft SQL Server\90\Tools\Binn\VSShell\Common7\IDE\;C:\Program Files\Microsoft Visual Studio 8\Common7\IDE\PrivateAssemblies\
USERNAME=Administrator
OS=Windows_NT
PROCESSOR_IDENTIFIER=x86 Family 6 Model 58 Stepping 9, GenuineIntel



---------------  S Y S T E M  ---------------

OS: Windows NT 6.1 Build 7601 Service Pack 1

CPU:total 4 

Memory: 4k page, physical 2006204k(520496k free), swap 2006204k(716k free)

vm_info: Java HotSpot(TM) Client VM (11.3-b02) for windows-x86 JRE (1.6.0_13-b03), built on Mar  9 2009 01:15:24 by "java_re" with MS VC++ 7.1

time: Sun Dec 17 17:36:58 2017
elapsed time: 0 seconds

